<?xml version="1.0" encoding="UTF-8"?>
<!-- Generated by org.testng.reporters.JUnitXMLReporter -->
<testsuite ignored="0" hostname="SeenaReddy" failures="0" tests="3" name="Default test" time="0.09" errors="0" timestamp="2022-11-22T20:20:28 CST">
  <testcase classname="testNG.AnnotationsSample2" name="b" time="0.007"/>
  <testcase classname="testNG.AnnotationsSample2" name="k" time="0.002"/>
  <testcase classname="testNG.AnnotationsSample2" name="p" time="0.001"/>
</testsuite> <!-- Default test -->
