<?xml version="1.0" encoding="UTF-8"?>
<testng-results ignored="0" total="1" passed="1" failed="0" skipped="0">
  <reporter-output>
  </reporter-output>
  <suite started-at="2022-11-23T20:28:12 CST" name="Default suite" finished-at="2022-11-23T20:28:14 CST" duration-ms="2265">
    <groups>
    </groups>
    <test started-at="2022-11-23T20:28:12 CST" name="Default test" finished-at="2022-11-23T20:28:14 CST" duration-ms="2265">
      <class name="testNG.HeadLessBrowserExecution">
        <test-method signature="f()[pri:0, instance:testNG.HeadLessBrowserExecution@38467116]" started-at="2022-11-23T20:28:12 CST" name="f" finished-at="2022-11-23T20:28:14 CST" duration-ms="2237" status="PASS">
          <reporter-output>
          </reporter-output>
        </test-method> <!-- f -->
      </class> <!-- testNG.HeadLessBrowserExecution -->
    </test> <!-- Default test -->
  </suite> <!-- Default suite -->
</testng-results>
