<?xml version="1.0" encoding="UTF-8"?>
<testng-results ignored="0" total="8" passed="8" failed="0" skipped="0">
  <reporter-output>
  </reporter-output>
  <suite started-at="2022-11-22T20:25:53 CST" name="MySuite" finished-at="2022-11-22T20:26:15 CST" duration-ms="22244">
    <groups>
    </groups>
    <test started-at="2022-11-22T20:25:53 CST" name="MyTestResults" finished-at="2022-11-22T20:26:15 CST" duration-ms="22244">
      <class name="testNG.AnnotationsSample3">
        <test-method is-config="true" signature="beforeMethod()[pri:0, instance:testNG.AnnotationsSample3@1a6d8329]" started-at="2022-11-22T20:25:53 CST" name="beforeMethod" finished-at="2022-11-22T20:25:53 CST" duration-ms="1" status="PASS">
          <reporter-output>
          </reporter-output>
        </test-method> <!-- beforeMethod -->
        <test-method signature="b()[pri:0, instance:testNG.AnnotationsSample3@1a6d8329]" started-at="2022-11-22T20:25:53 CST" name="b" finished-at="2022-11-22T20:25:53 CST" duration-ms="2" status="PASS">
          <reporter-output>
          </reporter-output>
        </test-method> <!-- b -->
        <test-method is-config="true" signature="afterMethod()[pri:0, instance:testNG.AnnotationsSample3@1a6d8329]" started-at="2022-11-22T20:25:53 CST" name="afterMethod" finished-at="2022-11-22T20:25:53 CST" duration-ms="0" status="PASS">
          <reporter-output>
          </reporter-output>
        </test-method> <!-- afterMethod -->
        <test-method is-config="true" signature="beforeMethod()[pri:0, instance:testNG.AnnotationsSample3@1a6d8329]" started-at="2022-11-22T20:25:53 CST" name="beforeMethod" finished-at="2022-11-22T20:25:53 CST" duration-ms="1" status="PASS">
          <reporter-output>
          </reporter-output>
        </test-method> <!-- beforeMethod -->
        <test-method signature="e()[pri:0, instance:testNG.AnnotationsSample3@1a6d8329]" started-at="2022-11-22T20:25:53 CST" name="e" finished-at="2022-11-22T20:25:53 CST" duration-ms="1" status="PASS">
          <reporter-output>
          </reporter-output>
        </test-method> <!-- e -->
        <test-method is-config="true" signature="afterMethod()[pri:0, instance:testNG.AnnotationsSample3@1a6d8329]" started-at="2022-11-22T20:25:53 CST" name="afterMethod" finished-at="2022-11-22T20:25:53 CST" duration-ms="0" status="PASS">
          <reporter-output>
          </reporter-output>
        </test-method> <!-- afterMethod -->
        <test-method signature="k()[pri:0, instance:testNG.AnnotationsSample3@1a6d8329]" started-at="2022-11-22T20:25:53 CST" name="k" finished-at="2022-11-22T20:25:53 CST" duration-ms="2" status="PASS">
          <reporter-output>
          </reporter-output>
        </test-method> <!-- k -->
        <test-method is-config="true" signature="beforeMethod()[pri:0, instance:testNG.AnnotationsSample3@1a6d8329]" started-at="2022-11-22T20:25:53 CST" name="beforeMethod" finished-at="2022-11-22T20:25:53 CST" duration-ms="0" status="PASS">
          <reporter-output>
          </reporter-output>
        </test-method> <!-- beforeMethod -->
        <test-method is-config="true" signature="afterMethod()[pri:0, instance:testNG.AnnotationsSample3@1a6d8329]" started-at="2022-11-22T20:25:53 CST" name="afterMethod" finished-at="2022-11-22T20:25:53 CST" duration-ms="1" status="PASS">
          <reporter-output>
          </reporter-output>
        </test-method> <!-- afterMethod -->
      </class> <!-- testNG.AnnotationsSample3 -->
      <class name="testNG.TDD">
        <test-method is-config="true" signature="beforeClass()[pri:0, instance:testNG.TDD@1a942c18]" started-at="2022-11-22T20:25:53 CST" name="beforeClass" finished-at="2022-11-22T20:25:56 CST" duration-ms="2856" status="PASS">
          <reporter-output>
          </reporter-output>
        </test-method> <!-- beforeClass -->
        <test-method signature="f()[pri:0, instance:testNG.TDD@1a942c18]" started-at="2022-11-22T20:25:56 CST" name="f" finished-at="2022-11-22T20:26:12 CST" duration-ms="15741" status="PASS">
          <reporter-output>
          </reporter-output>
        </test-method> <!-- f -->
        <test-method is-config="true" signature="afterMethod()[pri:0, instance:testNG.TDD@1a942c18]" started-at="2022-11-22T20:26:12 CST" name="afterMethod" finished-at="2022-11-22T20:26:12 CST" duration-ms="467" status="PASS">
          <reporter-output>
          </reporter-output>
        </test-method> <!-- afterMethod -->
        <test-method is-config="true" signature="afterClass()[pri:0, instance:testNG.TDD@1a942c18]" started-at="2022-11-22T20:26:12 CST" name="afterClass" finished-at="2022-11-22T20:26:12 CST" duration-ms="198" status="PASS">
          <reporter-output>
          </reporter-output>
        </test-method> <!-- afterClass -->
      </class> <!-- testNG.TDD -->
      <class name="testNG.AnnotationsSample2">
        <test-method is-config="true" signature="beforeClass()[pri:0, instance:testNG.AnnotationsSample2@13e344d]" started-at="2022-11-22T20:25:53 CST" name="beforeClass" finished-at="2022-11-22T20:25:53 CST" duration-ms="17" status="PASS">
          <reporter-output>
          </reporter-output>
        </test-method> <!-- beforeClass -->
        <test-method signature="b()[pri:0, instance:testNG.AnnotationsSample2@13e344d]" started-at="2022-11-22T20:25:53 CST" name="b" finished-at="2022-11-22T20:25:53 CST" duration-ms="11" status="PASS">
          <reporter-output>
          </reporter-output>
        </test-method> <!-- b -->
        <test-method signature="k()[pri:0, instance:testNG.AnnotationsSample2@13e344d]" started-at="2022-11-22T20:25:53 CST" name="k" finished-at="2022-11-22T20:25:53 CST" duration-ms="2" status="PASS">
          <reporter-output>
          </reporter-output>
        </test-method> <!-- k -->
        <test-method signature="p()[pri:0, instance:testNG.AnnotationsSample2@13e344d]" started-at="2022-11-22T20:25:53 CST" name="p" finished-at="2022-11-22T20:25:53 CST" duration-ms="1" status="PASS">
          <reporter-output>
          </reporter-output>
        </test-method> <!-- p -->
        <test-method is-config="true" signature="afterClass()[pri:0, instance:testNG.AnnotationsSample2@13e344d]" started-at="2022-11-22T20:25:53 CST" name="afterClass" finished-at="2022-11-22T20:25:53 CST" duration-ms="1" status="PASS">
          <reporter-output>
          </reporter-output>
        </test-method> <!-- afterClass -->
      </class> <!-- testNG.AnnotationsSample2 -->
      <class name="testNG.FB_login1">
        <test-method is-config="true" signature="beforeClass()[pri:0, instance:testNG.FB_login1@55a147cc]" started-at="2022-11-22T20:26:12 CST" name="beforeClass" finished-at="2022-11-22T20:26:14 CST" duration-ms="1294" status="PASS">
          <reporter-output>
          </reporter-output>
        </test-method> <!-- beforeClass -->
        <test-method signature="f()[pri:0, instance:testNG.FB_login1@55a147cc]" started-at="2022-11-22T20:26:14 CST" name="f" finished-at="2022-11-22T20:26:15 CST" duration-ms="1367" status="PASS">
          <reporter-output>
          </reporter-output>
        </test-method> <!-- f -->
        <test-method is-config="true" signature="afterClass()[pri:0, instance:testNG.FB_login1@55a147cc]" started-at="2022-11-22T20:26:15 CST" name="afterClass" finished-at="2022-11-22T20:26:15 CST" duration-ms="191" status="PASS">
          <reporter-output>
          </reporter-output>
        </test-method> <!-- afterClass -->
      </class> <!-- testNG.FB_login1 -->
    </test> <!-- MyTestResults -->
  </suite> <!-- MySuite -->
</testng-results>
