<?xml version="1.0" encoding="UTF-8"?>
<!-- Generated by org.testng.reporters.JUnitXMLReporter -->
<testsuite ignored="0" hostname="SeenaReddy" failures="0" tests="8" name="MyTestResults" time="22.244" errors="0" timestamp="2022-11-22T20:26:15 CST">
  <testcase classname="testNG.AnnotationsSample2" name="b" time="0.011"/>
  <testcase classname="testNG.AnnotationsSample2" name="k" time="0.002"/>
  <testcase classname="testNG.AnnotationsSample2" name="p" time="0.001"/>
  <testcase classname="testNG.AnnotationsSample3" name="b" time="0.002"/>
  <testcase classname="testNG.AnnotationsSample3" name="e" time="0.001"/>
  <testcase classname="testNG.AnnotationsSample3" name="k" time="0.002"/>
  <testcase classname="testNG.TDD" name="f" time="15.741"/>
  <testcase classname="testNG.FB_login1" name="f" time="1.367"/>
</testsuite> <!-- MyTestResults -->
